2022-10-27 14:17:27|ERROR|Error (1): Uncaught Error: Class 'BaseManager' not found in /www/wwwroot/take.sdwanyue.com/sdk/printer/Printer.php:10\nStack trace:\n#0 /www/wwwroot/take.sdwanyue.com/phalapi/src/app/Api/Home.php(47): require_once()\n#1 [internal function]: App\Api\Home->printer()\n#2 /www/wwwroot/take.sdwanyue.com/phalapi/vendor/phalapi/kernal/src/PhalApi.php(53): call_user_func()\n#3 /www/wwwroot/take.sdwanyue.com/public/api/index.php(9): PhalApi\PhalApi->response()\n#4 {main}\n  thrown in [File: /www/wwwroot/take.sdwanyue.com/sdk/printer/Printer.php, Line: 10, Time: 1666851447]|[]
2022-10-27 14:18:08|ERROR|Error (1): Uncaught Error: Class 'BaseManager' not found in /www/wwwroot/take.sdwanyue.com/sdk/printer/Printer.php:10\nStack trace:\n#0 /www/wwwroot/take.sdwanyue.com/phalapi/src/app/Api/Home.php(47): require_once()\n#1 [internal function]: App\Api\Home->printer()\n#2 /www/wwwroot/take.sdwanyue.com/phalapi/vendor/phalapi/kernal/src/PhalApi.php(53): call_user_func()\n#3 /www/wwwroot/take.sdwanyue.com/public/api/index.php(9): PhalApi\PhalApi->response()\n#4 {main}\n  thrown in [File: /www/wwwroot/take.sdwanyue.com/sdk/printer/Printer.php, Line: 10, Time: 1666851488]|[]
2022-10-27 14:19:48|ERROR|Error (1): Uncaught Error: Class 'BaseManager' not found in /www/wwwroot/take.sdwanyue.com/sdk/printer/Printer.php:11\nStack trace:\n#0 /www/wwwroot/take.sdwanyue.com/phalapi/src/app/Api/Home.php(47): require_once()\n#1 [internal function]: App\Api\Home->printer()\n#2 /www/wwwroot/take.sdwanyue.com/phalapi/vendor/phalapi/kernal/src/PhalApi.php(53): call_user_func()\n#3 /www/wwwroot/take.sdwanyue.com/public/api/index.php(9): PhalApi\PhalApi->response()\n#4 {main}\n  thrown in [File: /www/wwwroot/take.sdwanyue.com/sdk/printer/Printer.php, Line: 11, Time: 1666851588]|[]
2022-10-27 14:19:50|ERROR|Error (1): Uncaught Error: Class 'BaseManager' not found in /www/wwwroot/take.sdwanyue.com/sdk/printer/Printer.php:11\nStack trace:\n#0 /www/wwwroot/take.sdwanyue.com/phalapi/src/app/Api/Home.php(47): require_once()\n#1 [internal function]: App\Api\Home->printer()\n#2 /www/wwwroot/take.sdwanyue.com/phalapi/vendor/phalapi/kernal/src/PhalApi.php(53): call_user_func()\n#3 /www/wwwroot/take.sdwanyue.com/public/api/index.php(9): PhalApi\PhalApi->response()\n#4 {main}\n  thrown in [File: /www/wwwroot/take.sdwanyue.com/sdk/printer/Printer.php, Line: 11, Time: 1666851590]|[]
2022-10-27 14:19:58|ERROR|Error (1): Uncaught Error: Class 'BaseManager' not found in /www/wwwroot/take.sdwanyue.com/sdk/printer/Printer.php:11\nStack trace:\n#0 /www/wwwroot/take.sdwanyue.com/phalapi/src/app/Api/Home.php(47): require_once()\n#1 [internal function]: App\Api\Home->printer()\n#2 /www/wwwroot/take.sdwanyue.com/phalapi/vendor/phalapi/kernal/src/PhalApi.php(53): call_user_func()\n#3 /www/wwwroot/take.sdwanyue.com/public/api/index.php(9): PhalApi\PhalApi->response()\n#4 {main}\n  thrown in [File: /www/wwwroot/take.sdwanyue.com/sdk/printer/Printer.php, Line: 11, Time: 1666851598]|[]
2022-10-27 14:20:27|ERROR|Error (1): Uncaught Error: Class 'BaseManager' not found in /www/wwwroot/take.sdwanyue.com/sdk/printer/Printer.php:11\nStack trace:\n#0 /www/wwwroot/take.sdwanyue.com/phalapi/src/app/Api/Home.php(47): require_once()\n#1 [internal function]: App\Api\Home->printer()\n#2 /www/wwwroot/take.sdwanyue.com/phalapi/vendor/phalapi/kernal/src/PhalApi.php(53): call_user_func()\n#3 /www/wwwroot/take.sdwanyue.com/public/api/index.php(9): PhalApi\PhalApi->response()\n#4 {main}\n  thrown in [File: /www/wwwroot/take.sdwanyue.com/sdk/printer/Printer.php, Line: 11, Time: 1666851627]|[]
2022-10-27 14:21:08|ERROR|Error (1): Uncaught Error: Class 'BaseManager' not found in /www/wwwroot/take.sdwanyue.com/sdk/printer/Printer.php:11\nStack trace:\n#0 /www/wwwroot/take.sdwanyue.com/phalapi/src/app/Api/Home.php(47): require_once()\n#1 [internal function]: App\Api\Home->printer()\n#2 /www/wwwroot/take.sdwanyue.com/phalapi/vendor/phalapi/kernal/src/PhalApi.php(53): call_user_func()\n#3 /www/wwwroot/take.sdwanyue.com/public/api/index.php(9): PhalApi\PhalApi->response()\n#4 {main}\n  thrown in [File: /www/wwwroot/take.sdwanyue.com/sdk/printer/Printer.php, Line: 11, Time: 1666851668]|[]
2022-10-27 14:21:22|ERROR|Error (1): Uncaught Error: Class 'BaseManager' not found in /www/wwwroot/take.sdwanyue.com/sdk/printer/Printer.php:11\nStack trace:\n#0 /www/wwwroot/take.sdwanyue.com/phalapi/src/app/Api/Home.php(47): require_once()\n#1 [internal function]: App\Api\Home->printer()\n#2 /www/wwwroot/take.sdwanyue.com/phalapi/vendor/phalapi/kernal/src/PhalApi.php(53): call_user_func()\n#3 /www/wwwroot/take.sdwanyue.com/public/api/index.php(9): PhalApi\PhalApi->response()\n#4 {main}\n  thrown in [File: /www/wwwroot/take.sdwanyue.com/sdk/printer/Printer.php, Line: 11, Time: 1666851682]|[]
2022-10-27 14:21:49|ERROR|Error (1): Uncaught Error: Class 'BaseManager' not found in /www/wwwroot/take.sdwanyue.com/sdk/printer/Printer.php:11\nStack trace:\n#0 /www/wwwroot/take.sdwanyue.com/phalapi/src/app/Api/Home.php(47): require_once()\n#1 [internal function]: App\Api\Home->printer()\n#2 /www/wwwroot/take.sdwanyue.com/phalapi/vendor/phalapi/kernal/src/PhalApi.php(53): call_user_func()\n#3 /www/wwwroot/take.sdwanyue.com/public/api/index.php(9): PhalApi\PhalApi->response()\n#4 {main}\n  thrown in [File: /www/wwwroot/take.sdwanyue.com/sdk/printer/Printer.php, Line: 11, Time: 1666851709]|[]
2022-10-27 14:21:50|ERROR|Error (1): Uncaught Error: Class 'BaseManager' not found in /www/wwwroot/take.sdwanyue.com/sdk/printer/Printer.php:11\nStack trace:\n#0 /www/wwwroot/take.sdwanyue.com/phalapi/src/app/Api/Home.php(47): require_once()\n#1 [internal function]: App\Api\Home->printer()\n#2 /www/wwwroot/take.sdwanyue.com/phalapi/vendor/phalapi/kernal/src/PhalApi.php(53): call_user_func()\n#3 /www/wwwroot/take.sdwanyue.com/public/api/index.php(9): PhalApi\PhalApi->response()\n#4 {main}\n  thrown in [File: /www/wwwroot/take.sdwanyue.com/sdk/printer/Printer.php, Line: 11, Time: 1666851710]|[]
2022-10-27 14:22:30|ERROR|Error (1): Uncaught Error: Class 'Printer' not found in /www/wwwroot/take.sdwanyue.com/phalapi/src/app/Api/Home.php:59\nStack trace:\n#0 [internal function]: App\Api\Home->printer()\n#1 /www/wwwroot/take.sdwanyue.com/phalapi/vendor/phalapi/kernal/src/PhalApi.php(53): call_user_func()\n#2 /www/wwwroot/take.sdwanyue.com/public/api/index.php(9): PhalApi\PhalApi->response()\n#3 {main}\n  thrown in [File: /www/wwwroot/take.sdwanyue.com/phalapi/src/app/Api/Home.php, Line: 59, Time: 1666851750]|[]
2022-10-27 14:22:44|ERROR|Error (1): Uncaught Error: Class 'Printer' not found in /www/wwwroot/take.sdwanyue.com/phalapi/src/app/Api/Home.php:59\nStack trace:\n#0 [internal function]: App\Api\Home->printer()\n#1 /www/wwwroot/take.sdwanyue.com/phalapi/vendor/phalapi/kernal/src/PhalApi.php(53): call_user_func()\n#2 /www/wwwroot/take.sdwanyue.com/public/api/index.php(9): PhalApi\PhalApi->response()\n#3 {main}\n  thrown in [File: /www/wwwroot/take.sdwanyue.com/phalapi/src/app/Api/Home.php, Line: 59, Time: 1666851764]|[]
2022-10-27 14:22:53|ERROR|Error (1): Uncaught Error: Class 'Printer' not found in /www/wwwroot/take.sdwanyue.com/phalapi/src/app/Api/Home.php:59\nStack trace:\n#0 [internal function]: App\Api\Home->printer()\n#1 /www/wwwroot/take.sdwanyue.com/phalapi/vendor/phalapi/kernal/src/PhalApi.php(53): call_user_func()\n#2 /www/wwwroot/take.sdwanyue.com/public/api/index.php(9): PhalApi\PhalApi->response()\n#3 {main}\n  thrown in [File: /www/wwwroot/take.sdwanyue.com/phalapi/src/app/Api/Home.php, Line: 59, Time: 1666851773]|[]
2022-10-27 14:23:01|ERROR|Error (1): Uncaught Error: Class 'Printer' not found in /www/wwwroot/take.sdwanyue.com/phalapi/src/app/Api/Home.php:59\nStack trace:\n#0 [internal function]: App\Api\Home->printer()\n#1 /www/wwwroot/take.sdwanyue.com/phalapi/vendor/phalapi/kernal/src/PhalApi.php(53): call_user_func()\n#2 /www/wwwroot/take.sdwanyue.com/public/api/index.php(9): PhalApi\PhalApi->response()\n#3 {main}\n  thrown in [File: /www/wwwroot/take.sdwanyue.com/phalapi/src/app/Api/Home.php, Line: 59, Time: 1666851781]|[]
2022-10-27 14:23:07|ERROR|Error (1): Uncaught Error: Class 'Printer' not found in /www/wwwroot/take.sdwanyue.com/phalapi/src/app/Api/Home.php:59\nStack trace:\n#0 [internal function]: App\Api\Home->printer()\n#1 /www/wwwroot/take.sdwanyue.com/phalapi/vendor/phalapi/kernal/src/PhalApi.php(53): call_user_func()\n#2 /www/wwwroot/take.sdwanyue.com/public/api/index.php(9): PhalApi\PhalApi->response()\n#3 {main}\n  thrown in [File: /www/wwwroot/take.sdwanyue.com/phalapi/src/app/Api/Home.php, Line: 59, Time: 1666851787]|[]
2022-10-27 14:23:17|ERROR|Error (1): Uncaught Error: Class 'Printer' not found in /www/wwwroot/take.sdwanyue.com/phalapi/src/app/Api/Home.php:59\nStack trace:\n#0 [internal function]: App\Api\Home->printer()\n#1 /www/wwwroot/take.sdwanyue.com/phalapi/vendor/phalapi/kernal/src/PhalApi.php(53): call_user_func()\n#2 /www/wwwroot/take.sdwanyue.com/public/api/index.php(9): PhalApi\PhalApi->response()\n#3 {main}\n  thrown in [File: /www/wwwroot/take.sdwanyue.com/phalapi/src/app/Api/Home.php, Line: 59, Time: 1666851797]|[]
2022-10-27 14:23:27|ERROR|Error (1): Uncaught Error: Class 'think\helper\Str' not found in /www/wwwroot/take.sdwanyue.com/sdk/printer/BaseManager.php:162\nStack trace:\n#0 /www/wwwroot/take.sdwanyue.com/sdk/printer/BaseManager.php(138): BaseManager->createDriver()\n#1 /www/wwwroot/take.sdwanyue.com/sdk/printer/BaseManager.php(128): BaseManager->getDriver()\n#2 /www/wwwroot/take.sdwanyue.com/sdk/printer/BaseManager.php(111): BaseManager->driver()\n#3 /www/wwwroot/take.sdwanyue.com/phalapi/src/app/Api/Home.php(61): BaseManager->__call()\n#4 [internal function]: App\Api\Home->printer()\n#5 /www/wwwroot/take.sdwanyue.com/phalapi/vendor/phalapi/kernal/src/PhalApi.php(53): call_user_func()\n#6 /www/wwwroot/take.sdwanyue.com/public/api/index.php(9): PhalApi\PhalApi->response()\n#7 {main}\n  thrown in [File: /www/wwwroot/take.sdwanyue.com/sdk/printer/BaseManager.php, Line: 162, Time: 1666851807]|[]
2022-10-27 14:23:59|ERROR|Error (1): Uncaught Error: Class 'think\helper\Str' not found in /www/wwwroot/take.sdwanyue.com/sdk/printer/BaseManager.php:162\nStack trace:\n#0 /www/wwwroot/take.sdwanyue.com/sdk/printer/BaseManager.php(138): BaseManager->createDriver()\n#1 /www/wwwroot/take.sdwanyue.com/sdk/printer/BaseManager.php(128): BaseManager->getDriver()\n#2 /www/wwwroot/take.sdwanyue.com/sdk/printer/BaseManager.php(111): BaseManager->driver()\n#3 /www/wwwroot/take.sdwanyue.com/phalapi/src/app/Api/Home.php(61): BaseManager->__call()\n#4 [internal function]: App\Api\Home->printer()\n#5 /www/wwwroot/take.sdwanyue.com/phalapi/vendor/phalapi/kernal/src/PhalApi.php(53): call_user_func()\n#6 /www/wwwroot/take.sdwanyue.com/public/api/index.php(9): PhalApi\PhalApi->response()\n#7 {main}\n  thrown in [File: /www/wwwroot/take.sdwanyue.com/sdk/printer/BaseManager.php, Line: 162, Time: 1666851839]|[]
2022-10-27 14:24:34|ERROR|Error (1): Uncaught Error: Class 'think\helper\Str' not found in /www/wwwroot/take.sdwanyue.com/sdk/printer/BaseManager.php:162\nStack trace:\n#0 /www/wwwroot/take.sdwanyue.com/sdk/printer/BaseManager.php(138): BaseManager->createDriver()\n#1 /www/wwwroot/take.sdwanyue.com/sdk/printer/BaseManager.php(128): BaseManager->getDriver()\n#2 /www/wwwroot/take.sdwanyue.com/sdk/printer/BaseManager.php(111): BaseManager->driver()\n#3 /www/wwwroot/take.sdwanyue.com/phalapi/src/app/Api/Home.php(61): BaseManager->__call()\n#4 [internal function]: App\Api\Home->printer()\n#5 /www/wwwroot/take.sdwanyue.com/phalapi/vendor/phalapi/kernal/src/PhalApi.php(53): call_user_func()\n#6 /www/wwwroot/take.sdwanyue.com/public/api/index.php(9): PhalApi\PhalApi->response()\n#7 {main}\n  thrown in [File: /www/wwwroot/take.sdwanyue.com/sdk/printer/BaseManager.php, Line: 162, Time: 1666851874]|[]
2022-10-27 14:24:47|ERROR|Error (1): Uncaught Error: Class 'think\helper\Str' not found in /www/wwwroot/take.sdwanyue.com/sdk/printer/BaseManager.php:162\nStack trace:\n#0 /www/wwwroot/take.sdwanyue.com/sdk/printer/BaseManager.php(138): BaseManager->createDriver()\n#1 /www/wwwroot/take.sdwanyue.com/sdk/printer/BaseManager.php(128): BaseManager->getDriver()\n#2 /www/wwwroot/take.sdwanyue.com/sdk/printer/BaseManager.php(111): BaseManager->driver()\n#3 /www/wwwroot/take.sdwanyue.com/phalapi/src/app/Api/Home.php(61): BaseManager->__call()\n#4 [internal function]: App\Api\Home->printer()\n#5 /www/wwwroot/take.sdwanyue.com/phalapi/vendor/phalapi/kernal/src/PhalApi.php(53): call_user_func()\n#6 /www/wwwroot/take.sdwanyue.com/public/api/index.php(9): PhalApi\PhalApi->response()\n#7 {main}\n  thrown in [File: /www/wwwroot/take.sdwanyue.com/sdk/printer/BaseManager.php, Line: 162, Time: 1666851887]|[]
2022-10-27 14:26:32|ERROR|Error (1): Uncaught Error: Class 'think\helper\Str' not found in /www/wwwroot/take.sdwanyue.com/sdk/printer/BaseManager.php:162\nStack trace:\n#0 /www/wwwroot/take.sdwanyue.com/sdk/printer/BaseManager.php(138): BaseManager->createDriver()\n#1 /www/wwwroot/take.sdwanyue.com/sdk/printer/BaseManager.php(128): BaseManager->getDriver()\n#2 /www/wwwroot/take.sdwanyue.com/sdk/printer/BaseManager.php(111): BaseManager->driver()\n#3 /www/wwwroot/take.sdwanyue.com/phalapi/src/app/Api/Home.php(61): BaseManager->__call()\n#4 [internal function]: App\Api\Home->printer()\n#5 /www/wwwroot/take.sdwanyue.com/phalapi/vendor/phalapi/kernal/src/PhalApi.php(53): call_user_func()\n#6 /www/wwwroot/take.sdwanyue.com/public/api/index.php(9): PhalApi\PhalApi->response()\n#7 {main}\n  thrown in [File: /www/wwwroot/take.sdwanyue.com/sdk/printer/BaseManager.php, Line: 162, Time: 1666851992]|[]
2022-10-27 14:26:49|ERROR|Error (1): Uncaught Error: Class 'think\helper\Str' not found in /www/wwwroot/take.sdwanyue.com/sdk/printer/BaseManager.php:162\nStack trace:\n#0 /www/wwwroot/take.sdwanyue.com/sdk/printer/BaseManager.php(138): BaseManager->createDriver()\n#1 /www/wwwroot/take.sdwanyue.com/sdk/printer/BaseManager.php(128): BaseManager->getDriver()\n#2 /www/wwwroot/take.sdwanyue.com/sdk/printer/BaseManager.php(111): BaseManager->driver()\n#3 /www/wwwroot/take.sdwanyue.com/phalapi/src/app/Api/Home.php(61): BaseManager->__call()\n#4 [internal function]: App\Api\Home->printer()\n#5 /www/wwwroot/take.sdwanyue.com/phalapi/vendor/phalapi/kernal/src/PhalApi.php(53): call_user_func()\n#6 /www/wwwroot/take.sdwanyue.com/public/api/index.php(9): PhalApi\PhalApi->response()\n#7 {main}\n  thrown in [File: /www/wwwroot/take.sdwanyue.com/sdk/printer/BaseManager.php, Line: 162, Time: 1666852009]|[]
2022-10-27 14:27:12|ERROR|Error (1): Uncaught Error: Class 'think\helper\Str' not found in /www/wwwroot/take.sdwanyue.com/sdk/printer/BaseManager.php:162\nStack trace:\n#0 /www/wwwroot/take.sdwanyue.com/sdk/printer/BaseManager.php(138): BaseManager->createDriver()\n#1 /www/wwwroot/take.sdwanyue.com/sdk/printer/BaseManager.php(128): BaseManager->getDriver()\n#2 /www/wwwroot/take.sdwanyue.com/sdk/printer/BaseManager.php(111): BaseManager->driver()\n#3 /www/wwwroot/take.sdwanyue.com/phalapi/src/app/Api/Home.php(61): BaseManager->__call()\n#4 [internal function]: App\Api\Home->printer()\n#5 /www/wwwroot/take.sdwanyue.com/phalapi/vendor/phalapi/kernal/src/PhalApi.php(53): call_user_func()\n#6 /www/wwwroot/take.sdwanyue.com/public/api/index.php(9): PhalApi\PhalApi->response()\n#7 {main}\n  thrown in [File: /www/wwwroot/take.sdwanyue.com/sdk/printer/BaseManager.php, Line: 162, Time: 1666852032]|[]
2022-10-27 14:27:47|ERROR|Error (1): Uncaught Error: Class 'think\helper\Str' not found in /www/wwwroot/take.sdwanyue.com/sdk/printer/BaseManager.php:162\nStack trace:\n#0 /www/wwwroot/take.sdwanyue.com/sdk/printer/BaseManager.php(138): BaseManager->createDriver()\n#1 /www/wwwroot/take.sdwanyue.com/sdk/printer/BaseManager.php(128): BaseManager->getDriver()\n#2 /www/wwwroot/take.sdwanyue.com/sdk/printer/BaseManager.php(111): BaseManager->driver()\n#3 /www/wwwroot/take.sdwanyue.com/phalapi/src/app/Api/Home.php(61): BaseManager->__call()\n#4 [internal function]: App\Api\Home->printer()\n#5 /www/wwwroot/take.sdwanyue.com/phalapi/vendor/phalapi/kernal/src/PhalApi.php(53): call_user_func()\n#6 /www/wwwroot/take.sdwanyue.com/public/api/index.php(9): PhalApi\PhalApi->response()\n#7 {main}\n  thrown in [File: /www/wwwroot/take.sdwanyue.com/sdk/printer/BaseManager.php, Line: 162, Time: 1666852067]|[]
2022-10-27 14:29:25|ERROR|Error (1): Uncaught Error: Class 'think\helper\Str' not found in /www/wwwroot/take.sdwanyue.com/sdk/printer/BaseManager.php:162\nStack trace:\n#0 /www/wwwroot/take.sdwanyue.com/sdk/printer/BaseManager.php(138): BaseManager->createDriver()\n#1 /www/wwwroot/take.sdwanyue.com/sdk/printer/BaseManager.php(128): BaseManager->getDriver()\n#2 /www/wwwroot/take.sdwanyue.com/sdk/printer/BaseManager.php(111): BaseManager->driver()\n#3 /www/wwwroot/take.sdwanyue.com/phalapi/src/app/Api/Home.php(61): BaseManager->__call()\n#4 [internal function]: App\Api\Home->printer()\n#5 /www/wwwroot/take.sdwanyue.com/phalapi/vendor/phalapi/kernal/src/PhalApi.php(53): call_user_func()\n#6 /www/wwwroot/take.sdwanyue.com/public/api/index.php(9): PhalApi\PhalApi->response()\n#7 {main}\n  thrown in [File: /www/wwwroot/take.sdwanyue.com/sdk/printer/BaseManager.php, Line: 162, Time: 1666852165]|[]
2022-10-27 15:33:59|ERROR|Error (4): syntax error, unexpected ',', expecting identifier (T_STRING) or variable (T_VARIABLE) or '{' or '$' in [File: /www/wwwroot/take.sdwanyue.com/phalapi/src/app/Api/Home.php, Line: 54, Time: 1666856039]|[]
2022-10-27 15:33:59|ERROR|Error (4): syntax error, unexpected ',', expecting identifier (T_STRING) or variable (T_VARIABLE) or '{' or '$' in [File: /www/wwwroot/take.sdwanyue.com/phalapi/src/app/Api/Home.php, Line: 54, Time: 1666856039]|[]
2022-10-27 15:33:59|ERROR|Error (4): syntax error, unexpected ',', expecting identifier (T_STRING) or variable (T_VARIABLE) or '{' or '$' in [File: /www/wwwroot/take.sdwanyue.com/phalapi/src/app/Api/Home.php, Line: 54, Time: 1666856039]|[]
2022-10-27 15:33:59|ERROR|Error (4): syntax error, unexpected ',', expecting identifier (T_STRING) or variable (T_VARIABLE) or '{' or '$' in [File: /www/wwwroot/take.sdwanyue.com/phalapi/src/app/Api/Home.php, Line: 54, Time: 1666856039]|[]
2022-10-27 15:35:23|ERROR|Error (64): require_once(): Failed opening required '/www/wwwroot/take.sdwanyue.com/public/api/../../phalapi/../sdk/yiLianYun/Lib/Autoloader.php.php' (include_path='.:') in [File: /www/wwwroot/take.sdwanyue.com/phalapi/src/app/Api/Home.php, Line: 48, Time: 1666856123]|[]
2022-10-27 15:35:37|ERROR|Error (64): require_once(): Failed opening required '/www/wwwroot/take.sdwanyue.com/public/api/../../phalapi/../sdk/yiLianYun/Lib/Autoloader.php' (include_path='.:') in [File: /www/wwwroot/take.sdwanyue.com/phalapi/src/app/Api/Home.php, Line: 48, Time: 1666856137]|[]
2022-10-27 15:36:04|ERROR|Error (64): require_once(): Failed opening required '/www/wwwroot/take.sdwanyue.com/public/api/../../phalapi/../sdk/yiLianYun/Lib/Autoloader.php' (include_path='.:') in [File: /www/wwwroot/take.sdwanyue.com/phalapi/src/app/Api/Home.php, Line: 48, Time: 1666856164]|[]
2022-10-27 15:44:23|ERROR|Error (1): Uncaught Exception: Call method printer/addprinter error code is 16 error message is 不支持k1,k2,k3机型 in /www/wwwroot/take.sdwanyue.com/sdk/yiLianYun/Lib/Protocol/YlyRpcClient.php:46\nStack trace:\n#0 /www/wwwroot/take.sdwanyue.com/sdk/yiLianYun/Lib/Api/PrinterService.php(28): App\Protocol\YlyRpcClient->call()\n#1 /www/wwwroot/take.sdwanyue.com/phalapi/src/app/Api/Home.php(66): App\Api\PrinterService->addPrinter()\n#2 [internal function]: App\Api\Home->printer()\n#3 /www/wwwroot/take.sdwanyue.com/phalapi/vendor/phalapi/kernal/src/PhalApi.php(53): call_user_func()\n#4 /www/wwwroot/take.sdwanyue.com/public/api/index.php(9): PhalApi\PhalApi->response()\n#5 {main}\n  thrown in [File: /www/wwwroot/take.sdwanyue.com/sdk/yiLianYun/Lib/Protocol/YlyRpcClient.php, Line: 46, Time: 1666856663]|[]
2022-10-27 15:44:39|ERROR|Error (1): Uncaught Exception: Call method print/index error code is 16 error message is 不支持k1,k2,k3机型 in /www/wwwroot/take.sdwanyue.com/sdk/yiLianYun/Lib/Protocol/YlyRpcClient.php:46\nStack trace:\n#0 /www/wwwroot/take.sdwanyue.com/sdk/yiLianYun/Lib/Api/PrintService.php(17): App\Protocol\YlyRpcClient->call()\n#1 /www/wwwroot/take.sdwanyue.com/phalapi/src/app/Api/Home.php(70): App\Api\PrintService->index()\n#2 [internal function]: App\Api\Home->printer()\n#3 /www/wwwroot/take.sdwanyue.com/phalapi/vendor/phalapi/kernal/src/PhalApi.php(53): call_user_func()\n#4 /www/wwwroot/take.sdwanyue.com/public/api/index.php(9): PhalApi\PhalApi->response()\n#5 {main}\n  thrown in [File: /www/wwwroot/take.sdwanyue.com/sdk/yiLianYun/Lib/Protocol/YlyRpcClient.php, Line: 46, Time: 1666856679]|[]
2022-10-27 15:45:50|ERROR|Error (1): Uncaught Exception: Call method printer/addprinter error code is 49 error message is 错误msign参数有误，请输入正确的终端密钥 in /www/wwwroot/take.sdwanyue.com/sdk/yiLianYun/Lib/Protocol/YlyRpcClient.php:46\nStack trace:\n#0 /www/wwwroot/take.sdwanyue.com/sdk/yiLianYun/Lib/Api/PrinterService.php(28): App\Protocol\YlyRpcClient->call()\n#1 /www/wwwroot/take.sdwanyue.com/phalapi/src/app/Api/Home.php(66): App\Api\PrinterService->addPrinter()\n#2 [internal function]: App\Api\Home->printer()\n#3 /www/wwwroot/take.sdwanyue.com/phalapi/vendor/phalapi/kernal/src/PhalApi.php(53): call_user_func()\n#4 /www/wwwroot/take.sdwanyue.com/public/api/index.php(9): PhalApi\PhalApi->response()\n#5 {main}\n  thrown in [File: /www/wwwroot/take.sdwanyue.com/sdk/yiLianYun/Lib/Protocol/YlyRpcClient.php, Line: 46, Time: 1666856750]|[]
2022-10-27 15:46:02|ERROR|Error (1): Uncaught Exception: Call method printer/addprinter error code is 16 error message is 不支持k1,k2,k3机型 in /www/wwwroot/take.sdwanyue.com/sdk/yiLianYun/Lib/Protocol/YlyRpcClient.php:46\nStack trace:\n#0 /www/wwwroot/take.sdwanyue.com/sdk/yiLianYun/Lib/Api/PrinterService.php(28): App\Protocol\YlyRpcClient->call()\n#1 /www/wwwroot/take.sdwanyue.com/phalapi/src/app/Api/Home.php(66): App\Api\PrinterService->addPrinter()\n#2 [internal function]: App\Api\Home->printer()\n#3 /www/wwwroot/take.sdwanyue.com/phalapi/vendor/phalapi/kernal/src/PhalApi.php(53): call_user_func()\n#4 /www/wwwroot/take.sdwanyue.com/public/api/index.php(9): PhalApi\PhalApi->response()\n#5 {main}\n  thrown in [File: /www/wwwroot/take.sdwanyue.com/sdk/yiLianYun/Lib/Protocol/YlyRpcClient.php, Line: 46, Time: 1666856762]|[]
2022-10-27 16:54:05|ERROR|Error (64): require_once(): Failed opening required '/www/wwwroot/take.sdwanyue.com/public/api/../../phalapi/../sdk/YiLianYun/YiLianYun.php' (include_path='.:') in [File: /www/wwwroot/take.sdwanyue.com/phalapi/src/app/Api/Home.php, Line: 48, Time: 1666860845]|[]
2022-10-27 16:54:28|ERROR|Error (64): require_once(): Failed opening required '/www/wwwroot/take.sdwanyue.com/public/api/../../phalapi/../sdk/YiLianYun/YiLianYun.php' (include_path='.:') in [File: /www/wwwroot/take.sdwanyue.com/phalapi/src/app/Api/Home.php, Line: 48, Time: 1666860868]|[]
2022-10-27 16:55:28|ERROR|Error (64): require_once(): Failed opening required '/www/wwwroot/take.sdwanyue.com/public/api/../../phalapi/../sdk/YiLianYun/YiLianYun.php' (include_path='.:') in [File: /www/wwwroot/take.sdwanyue.com/phalapi/src/app/Api/Home.php, Line: 48, Time: 1666860928]|[]
2022-10-27 16:57:31|ERROR|Error (1): Uncaught Error: Access to undeclared static property: YiLianYun::$status in /www/wwwroot/take.sdwanyue.com/sdk/yiLianYun/YiLianYun.php:126\nStack trace:\n#0 /www/wwwroot/take.sdwanyue.com/sdk/yiLianYun/YiLianYun.php(110): YiLianYun::request()\n#1 /www/wwwroot/take.sdwanyue.com/sdk/yiLianYun/YiLianYun.php(35): YiLianYun::postRequest()\n#2 /www/wwwroot/take.sdwanyue.com/phalapi/src/app/Api/Home.php(59): YiLianYun->startPrinter()\n#3 [internal function]: App\Api\Home->printer()\n#4 /www/wwwroot/take.sdwanyue.com/phalapi/vendor/phalapi/kernal/src/PhalApi.php(53): call_user_func()\n#5 /www/wwwroot/take.sdwanyue.com/public/api/index.php(9): PhalApi\PhalApi->response()\n#6 {main}\n  thrown in [File: /www/wwwroot/take.sdwanyue.com/sdk/yiLianYun/YiLianYun.php, Line: 126, Time: 1666861051]|[]
2022-10-27 16:58:47|ERROR|Error (1): Uncaught Error: Access to undeclared static property: YiLianYun::$status in /www/wwwroot/take.sdwanyue.com/sdk/yiLianYun/YiLianYun.php:126\nStack trace:\n#0 /www/wwwroot/take.sdwanyue.com/sdk/yiLianYun/YiLianYun.php(110): YiLianYun->request()\n#1 /www/wwwroot/take.sdwanyue.com/sdk/yiLianYun/YiLianYun.php(35): YiLianYun->postRequest()\n#2 /www/wwwroot/take.sdwanyue.com/phalapi/src/app/Api/Home.php(59): YiLianYun->startPrinter()\n#3 [internal function]: App\Api\Home->printer()\n#4 /www/wwwroot/take.sdwanyue.com/phalapi/vendor/phalapi/kernal/src/PhalApi.php(53): call_user_func()\n#5 /www/wwwroot/take.sdwanyue.com/public/api/index.php(9): PhalApi\PhalApi->response()\n#6 {main}\n  thrown in [File: /www/wwwroot/take.sdwanyue.com/sdk/yiLianYun/YiLianYun.php, Line: 126, Time: 1666861127]|[]
2022-10-27 17:00:08|ERROR|Error (1): Uncaught Error: Access to undeclared static property: YiLianYun::$status in /www/wwwroot/take.sdwanyue.com/sdk/yiLianYun/YiLianYun.php:126\nStack trace:\n#0 /www/wwwroot/take.sdwanyue.com/sdk/yiLianYun/YiLianYun.php(110): YiLianYun->request()\n#1 /www/wwwroot/take.sdwanyue.com/sdk/yiLianYun/YiLianYun.php(35): YiLianYun->postRequest()\n#2 /www/wwwroot/take.sdwanyue.com/phalapi/src/app/Api/Home.php(59): YiLianYun->startPrinter()\n#3 [internal function]: App\Api\Home->printer()\n#4 /www/wwwroot/take.sdwanyue.com/phalapi/vendor/phalapi/kernal/src/PhalApi.php(53): call_user_func()\n#5 /www/wwwroot/take.sdwanyue.com/public/api/index.php(9): PhalApi\PhalApi->response()\n#6 {main}\n  thrown in [File: /www/wwwroot/take.sdwanyue.com/sdk/yiLianYun/YiLianYun.php, Line: 126, Time: 1666861208]|[]
2022-10-27 17:01:54|ERROR|Error (1): Uncaught Exception: request was aborted in /www/wwwroot/take.sdwanyue.com/sdk/yiLianYun/YiLianYun.php:43\nStack trace:\n#0 /www/wwwroot/take.sdwanyue.com/phalapi/src/app/Api/Home.php(59): YiLianYun->startPrinter()\n#1 [internal function]: App\Api\Home->printer()\n#2 /www/wwwroot/take.sdwanyue.com/phalapi/vendor/phalapi/kernal/src/PhalApi.php(53): call_user_func()\n#3 /www/wwwroot/take.sdwanyue.com/public/api/index.php(9): PhalApi\PhalApi->response()\n#4 {main}\n  thrown in [File: /www/wwwroot/take.sdwanyue.com/sdk/yiLianYun/YiLianYun.php, Line: 43, Time: 1666861314]|[]
2022-10-27 17:03:24|ERROR|Error (1): Uncaught Exception: request was aborted in /www/wwwroot/take.sdwanyue.com/sdk/yiLianYun/YiLianYun.php:43\nStack trace:\n#0 /www/wwwroot/take.sdwanyue.com/phalapi/src/app/Api/Home.php(59): YiLianYun->startPrinter()\n#1 [internal function]: App\Api\Home->printer()\n#2 /www/wwwroot/take.sdwanyue.com/phalapi/vendor/phalapi/kernal/src/PhalApi.php(53): call_user_func()\n#3 /www/wwwroot/take.sdwanyue.com/public/api/index.php(9): PhalApi\PhalApi->response()\n#4 {main}\n  thrown in [File: /www/wwwroot/take.sdwanyue.com/sdk/yiLianYun/YiLianYun.php, Line: 43, Time: 1666861404]|[]
2022-10-27 17:04:40|ERROR|Error (1): Uncaught Exception: Accesstoken has expired in /www/wwwroot/take.sdwanyue.com/sdk/yiLianYun/YiLianYun.php:47\nStack trace:\n#0 /www/wwwroot/take.sdwanyue.com/phalapi/src/app/Api/Home.php(59): YiLianYun->startPrinter()\n#1 [internal function]: App\Api\Home->printer()\n#2 /www/wwwroot/take.sdwanyue.com/phalapi/vendor/phalapi/kernal/src/PhalApi.php(53): call_user_func()\n#3 /www/wwwroot/take.sdwanyue.com/public/api/index.php(9): PhalApi\PhalApi->response()\n#4 {main}\n  thrown in [File: /www/wwwroot/take.sdwanyue.com/sdk/yiLianYun/YiLianYun.php, Line: 47, Time: 1666861480]|[]
2022-10-27 17:05:08|ERROR|Error (1): Uncaught Exception: Accesstoken has expired in /www/wwwroot/take.sdwanyue.com/sdk/yiLianYun/YiLianYun.php:48\nStack trace:\n#0 /www/wwwroot/take.sdwanyue.com/phalapi/src/app/Api/Home.php(59): YiLianYun->startPrinter()\n#1 [internal function]: App\Api\Home->printer()\n#2 /www/wwwroot/take.sdwanyue.com/phalapi/vendor/phalapi/kernal/src/PhalApi.php(53): call_user_func()\n#3 /www/wwwroot/take.sdwanyue.com/public/api/index.php(9): PhalApi\PhalApi->response()\n#4 {main}\n  thrown in [File: /www/wwwroot/take.sdwanyue.com/sdk/yiLianYun/YiLianYun.php, Line: 48, Time: 1666861508]|[]
2022-10-27 17:07:30|ERROR|Error (1): Uncaught Exception: 获取access_token获取失败 in /www/wwwroot/take.sdwanyue.com/sdk/yiLianYun/YiLianYun.php:82\nStack trace:\n#0 /www/wwwroot/take.sdwanyue.com/phalapi/src/app/Api/Home.php(59): YiLianYun->getAccessToken()\n#1 [internal function]: App\Api\Home->printer()\n#2 /www/wwwroot/take.sdwanyue.com/phalapi/vendor/phalapi/kernal/src/PhalApi.php(53): call_user_func()\n#3 /www/wwwroot/take.sdwanyue.com/public/api/index.php(9): PhalApi\PhalApi->response()\n#4 {main}\n  thrown in [File: /www/wwwroot/take.sdwanyue.com/sdk/yiLianYun/YiLianYun.php, Line: 82, Time: 1666861650]|[]
2022-10-27 17:09:50|ERROR|Error (1): Uncaught Exception: 获取access_token获取失败 in /www/wwwroot/take.sdwanyue.com/sdk/yiLianYun/YiLianYun.php:83\nStack trace:\n#0 /www/wwwroot/take.sdwanyue.com/phalapi/src/app/Api/Home.php(59): YiLianYun->getAccessToken()\n#1 [internal function]: App\Api\Home->printer()\n#2 /www/wwwroot/take.sdwanyue.com/phalapi/vendor/phalapi/kernal/src/PhalApi.php(53): call_user_func()\n#3 /www/wwwroot/take.sdwanyue.com/public/api/index.php(9): PhalApi\PhalApi->response()\n#4 {main}\n  thrown in [File: /www/wwwroot/take.sdwanyue.com/sdk/yiLianYun/YiLianYun.php, Line: 83, Time: 1666861790]|[]
2022-10-27 17:10:44|ERROR|Error (1): Uncaught Exception: 获取或更新access_token的次数,已超过最大限制! in /www/wwwroot/take.sdwanyue.com/sdk/yiLianYun/YiLianYun.php:81\nStack trace:\n#0 /www/wwwroot/take.sdwanyue.com/phalapi/src/app/Api/Home.php(59): YiLianYun->getAccessToken()\n#1 [internal function]: App\Api\Home->printer()\n#2 /www/wwwroot/take.sdwanyue.com/phalapi/vendor/phalapi/kernal/src/PhalApi.php(53): call_user_func()\n#3 /www/wwwroot/take.sdwanyue.com/public/api/index.php(9): PhalApi\PhalApi->response()\n#4 {main}\n  thrown in [File: /www/wwwroot/take.sdwanyue.com/sdk/yiLianYun/YiLianYun.php, Line: 81, Time: 1666861844]|[]
2022-10-27 17:21:33|ERROR|Error (4): syntax error, unexpected '}' in [File: /www/wwwroot/take.sdwanyue.com/phalapi/src/app/Domain/MerchantStoreOrder.php, Line: 41, Time: 1666862493]|[]
2022-10-27 17:21:33|ERROR|Error (4): syntax error, unexpected '}' in [File: /www/wwwroot/take.sdwanyue.com/phalapi/src/app/Domain/MerchantStoreOrder.php, Line: 41, Time: 1666862493]|[]
2022-10-27 17:21:33|ERROR|Error (4): syntax error, unexpected '}' in [File: /www/wwwroot/take.sdwanyue.com/phalapi/src/app/Domain/MerchantStoreOrder.php, Line: 41, Time: 1666862493]|[]
2022-10-27 17:21:33|ERROR|Error (4): syntax error, unexpected '}' in [File: /www/wwwroot/take.sdwanyue.com/phalapi/src/app/Domain/MerchantStoreOrder.php, Line: 41, Time: 1666862493]|[]
2022-10-27 17:30:14|ERROR|Error (4): syntax error, unexpected ')', expecting identifier (T_STRING) or namespace (T_NAMESPACE) or \\ (T_NS_SEPARATOR) in [File: /www/wwwroot/take.sdwanyue.com/phalapi/src/app/Domain/MerchantStoreOrder.php, Line: 53, Time: 1666863014]|[]
2022-10-27 17:30:14|ERROR|Error (4): syntax error, unexpected ')', expecting identifier (T_STRING) or namespace (T_NAMESPACE) or \\ (T_NS_SEPARATOR) in [File: /www/wwwroot/take.sdwanyue.com/phalapi/src/app/Domain/MerchantStoreOrder.php, Line: 53, Time: 1666863014]|[]
2022-10-27 17:30:14|ERROR|Error (4): syntax error, unexpected ')', expecting identifier (T_STRING) or namespace (T_NAMESPACE) or \\ (T_NS_SEPARATOR) in [File: /www/wwwroot/take.sdwanyue.com/phalapi/src/app/Domain/MerchantStoreOrder.php, Line: 53, Time: 1666863014]|[]
2022-10-27 17:30:14|ERROR|Error (4): syntax error, unexpected ')', expecting identifier (T_STRING) or namespace (T_NAMESPACE) or \\ (T_NS_SEPARATOR) in [File: /www/wwwroot/take.sdwanyue.com/phalapi/src/app/Domain/MerchantStoreOrder.php, Line: 53, Time: 1666863014]|[]
2022-10-27 17:30:14|ERROR|Error (4): syntax error, unexpected ')', expecting identifier (T_STRING) or namespace (T_NAMESPACE) or \\ (T_NS_SEPARATOR) in [File: /www/wwwroot/take.sdwanyue.com/phalapi/src/app/Domain/MerchantStoreOrder.php, Line: 53, Time: 1666863014]|[]
2022-10-27 17:30:15|ERROR|Error (4): syntax error, unexpected ')', expecting identifier (T_STRING) or namespace (T_NAMESPACE) or \\ (T_NS_SEPARATOR) in [File: /www/wwwroot/take.sdwanyue.com/phalapi/src/app/Domain/MerchantStoreOrder.php, Line: 53, Time: 1666863015]|[]
2022-10-27 17:50:54|ERROR|Error (1): Uncaught Exception: Accesstoken has expired in /www/wwwroot/take.sdwanyue.com/sdk/yiLianYun/YiLianYun.php:48\nStack trace:\n#0 /www/wwwroot/take.sdwanyue.com/phalapi/src/app/Domain/MerchantStoreOrder.php(68): YiLianYun->startPrinter()\n#1 /www/wwwroot/take.sdwanyue.com/phalapi/src/app/Api/MerchantStoreOrder.php(65): App\Domain\MerchantStoreOrder->YLYprinter()\n#2 [internal function]: App\Api\MerchantStoreOrder->testPrint()\n#3 /www/wwwroot/take.sdwanyue.com/phalapi/vendor/phalapi/kernal/src/PhalApi.php(53): call_user_func()\n#4 /www/wwwroot/take.sdwanyue.com/public/api/index.php(9): PhalApi\PhalApi->response()\n#5 {main}\n  thrown in [File: /www/wwwroot/take.sdwanyue.com/sdk/yiLianYun/YiLianYun.php, Line: 48, Time: 1666864254]|[]
2022-10-27 17:51:02|ERROR|Error (1): Uncaught Exception: Accesstoken has expired in /www/wwwroot/take.sdwanyue.com/sdk/yiLianYun/YiLianYun.php:48\nStack trace:\n#0 /www/wwwroot/take.sdwanyue.com/phalapi/src/app/Domain/MerchantStoreOrder.php(68): YiLianYun->startPrinter()\n#1 /www/wwwroot/take.sdwanyue.com/phalapi/src/app/Api/MerchantStoreOrder.php(65): App\Domain\MerchantStoreOrder->YLYprinter()\n#2 [internal function]: App\Api\MerchantStoreOrder->testPrint()\n#3 /www/wwwroot/take.sdwanyue.com/phalapi/vendor/phalapi/kernal/src/PhalApi.php(53): call_user_func()\n#4 /www/wwwroot/take.sdwanyue.com/public/api/index.php(9): PhalApi\PhalApi->response()\n#5 {main}\n  thrown in [File: /www/wwwroot/take.sdwanyue.com/sdk/yiLianYun/YiLianYun.php, Line: 48, Time: 1666864262]|[]
